[debug] [2019-12-25T06:36:27.119Z] ----------------------------------------------------------------------
[debug] [2019-12-25T06:36:27.120Z] Command:       /usr/local/bin/node /usr/local/bin/firebase serve
[debug] [2019-12-25T06:36:27.120Z] CLI Version:   7.11.0
[debug] [2019-12-25T06:36:27.120Z] Platform:      darwin
[debug] [2019-12-25T06:36:27.120Z] Node Version:  v10.16.0
[debug] [2019-12-25T06:36:27.123Z] Time:          Wed Dec 25 2019 07:36:27 GMT+0100 (Central European Standard Time)
[debug] [2019-12-25T06:36:27.123Z] ----------------------------------------------------------------------
[debug] [2019-12-25T06:36:27.123Z] 
[debug] [2019-12-25T06:36:27.133Z] > command requires scopes: ["email","openid","https://www.googleapis.com/auth/cloudplatformprojects.readonly","https://www.googleapis.com/auth/firebase","https://www.googleapis.com/auth/cloud-platform"]
[debug] [2019-12-25T06:36:27.133Z] > authorizing via signed-in user
[debug] [2019-12-25T06:36:27.133Z] [iam] checking project myratracker for permissions ["firebase.projects.get"]
[debug] [2019-12-25T06:36:27.135Z] > refreshing access token with scopes: ["email","https://www.googleapis.com/auth/cloud-platform","https://www.googleapis.com/auth/cloudplatformprojects.readonly","https://www.googleapis.com/auth/firebase","openid"]
[debug] [2019-12-25T06:36:27.135Z] >>> HTTP REQUEST POST https://www.googleapis.com/oauth2/v3/token  
 <request body omitted>
[debug] [2019-12-25T06:36:27.267Z] <<< HTTP RESPONSE 200
[debug] [2019-12-25T06:36:27.280Z] >>> HTTP REQUEST POST https://cloudresourcemanager.googleapis.com/v1/projects/myratracker:testIamPermissions  

[debug] [2019-12-25T06:36:28.309Z] <<< HTTP RESPONSE 200
[debug] [2019-12-25T06:36:28.310Z] >>> HTTP REQUEST GET https://firebase.googleapis.com/v1beta1/projects/myratracker  
 
[debug] [2019-12-25T06:36:28.577Z] <<< HTTP RESPONSE 200
[info] 
[info] === Serving from '/Users/karnell.schultz/Documents/javaScript/bugTrackerApp'...
[info] 
[debug] [2019-12-25T06:36:28.580Z] >>> HTTP REQUEST GET https://firebase.googleapis.com/v1beta1/projects/myratracker/webApps/-/config  
 
[debug] [2019-12-25T06:36:29.435Z] <<< HTTP RESPONSE 200
[info] i  hosting: Serving hosting files from: public
[info] ✔  hosting: Local server: http://localhost:5000
